srun ./project1 start 3-5 1
Running with --cpus-per-task=5
==================Running Project====================
DEBUG: false
mode: start
percent: 1
minThreads: 3
maxThreads: 5
NROWS: 100000
NCOLS: 100000
==================Loading Matrices====================
Loading matrices with probability: 1
Matrices loaded!
==================Starting Experiments====================
<<<<<<<<<< Evaluating timelapse with probability: 1 and 3 threads >>>>>>>>>>
Finished at Sun Sep 15 11:39:54 2024
Elapsed time: 552.123s
<<<<<<<<<< Evaluating timelapse with probability: 1 and 4 threads >>>>>>>>>>
Finished at Sun Sep 15 11:46:52 2024
Elapsed time: 417.926s
<<<<<<<<<< Evaluating timelapse with probability: 1 and 5 threads >>>>>>>>>>
Finished at Sun Sep 15 11:52:30 2024
Elapsed time: 337.936s
