srun ./project1 start 101-120 1
Running with --cpus-per-task=120
==================Running Project====================
DEBUG: false
mode: start
percent: 1
minThreads: 101
maxThreads: 120
NROWS: 100000
NCOLS: 100000
==================Loading Matrices====================
Loading matrices with probability: 1
Matrices loaded!
==================Starting Experiments====================
<<<<<<<<<< Evaluating timelapse with probability: 1 and 101 threads >>>>>>>>>>
Finished at Mon Sep 16 21:15:36 2024
Elapsed time: 73.337s
<<<<<<<<<< Evaluating timelapse with probability: 1 and 102 threads >>>>>>>>>>
Finished at Mon Sep 16 21:16:49 2024
Elapsed time: 73.0006s
<<<<<<<<<< Evaluating timelapse with probability: 1 and 103 threads >>>>>>>>>>
Finished at Mon Sep 16 21:18:01 2024
Elapsed time: 72.7316s
<<<<<<<<<< Evaluating timelapse with probability: 1 and 104 threads >>>>>>>>>>
Finished at Mon Sep 16 21:19:14 2024
Elapsed time: 72.6797s
<<<<<<<<<< Evaluating timelapse with probability: 1 and 105 threads >>>>>>>>>>
Finished at Mon Sep 16 21:20:27 2024
Elapsed time: 72.8167s
<<<<<<<<<< Evaluating timelapse with probability: 1 and 106 threads >>>>>>>>>>
Finished at Mon Sep 16 21:21:39 2024
Elapsed time: 72.5987s
<<<<<<<<<< Evaluating timelapse with probability: 1 and 107 threads >>>>>>>>>>
Finished at Mon Sep 16 21:22:52 2024
Elapsed time: 72.622s
<<<<<<<<<< Evaluating timelapse with probability: 1 and 108 threads >>>>>>>>>>
Finished at Mon Sep 16 21:24:05 2024
Elapsed time: 72.7557s
<<<<<<<<<< Evaluating timelapse with probability: 1 and 109 threads >>>>>>>>>>
Finished at Mon Sep 16 21:25:17 2024
Elapsed time: 72.6282s
<<<<<<<<<< Evaluating timelapse with probability: 1 and 110 threads >>>>>>>>>>
Finished at Mon Sep 16 21:26:30 2024
Elapsed time: 72.7017s
<<<<<<<<<< Evaluating timelapse with probability: 1 and 111 threads >>>>>>>>>>
Finished at Mon Sep 16 21:27:43 2024
Elapsed time: 73.0742s
<<<<<<<<<< Evaluating timelapse with probability: 1 and 112 threads >>>>>>>>>>
Finished at Mon Sep 16 21:28:56 2024
Elapsed time: 72.6713s
<<<<<<<<<< Evaluating timelapse with probability: 1 and 113 threads >>>>>>>>>>
Finished at Mon Sep 16 21:30:09 2024
Elapsed time: 73.3308s
<<<<<<<<<< Evaluating timelapse with probability: 1 and 114 threads >>>>>>>>>>
Finished at Mon Sep 16 21:31:22 2024
Elapsed time: 73.0347s
<<<<<<<<<< Evaluating timelapse with probability: 1 and 115 threads >>>>>>>>>>
Finished at Mon Sep 16 21:32:35 2024
Elapsed time: 72.9978s
<<<<<<<<<< Evaluating timelapse with probability: 1 and 116 threads >>>>>>>>>>
Finished at Mon Sep 16 21:33:48 2024
Elapsed time: 72.6316s
<<<<<<<<<< Evaluating timelapse with probability: 1 and 117 threads >>>>>>>>>>
Finished at Mon Sep 16 21:35:00 2024
Elapsed time: 72.5559s
<<<<<<<<<< Evaluating timelapse with probability: 1 and 118 threads >>>>>>>>>>
Finished at Mon Sep 16 21:36:13 2024
Elapsed time: 72.7042s
<<<<<<<<<< Evaluating timelapse with probability: 1 and 119 threads >>>>>>>>>>
Finished at Mon Sep 16 21:37:25 2024
Elapsed time: 72.2089s
<<<<<<<<<< Evaluating timelapse with probability: 1 and 120 threads >>>>>>>>>>
Finished at Mon Sep 16 21:38:37 2024
Elapsed time: 71.84s
