srun ./project1 start 80-100 5
Running with --cpus-per-task=100
==================Running Project====================
DEBUG: false
mode: start
percent: 5
minThreads: 80
maxThreads: 100
NROWS: 100000
NCOLS: 100000
==================Loading Matrices====================
Loading matrices with probability: 5
Matrices loaded!
==================Starting Experiments====================
<<<<<<<<<< Evaluating timelapse with probability: 5 and 80 threads >>>>>>>>>>
Finished at Mon Sep 16 21:29:03 2024
Elapsed time: 786.321s
<<<<<<<<<< Evaluating timelapse with probability: 5 and 81 threads >>>>>>>>>>
Finished at Mon Sep 16 21:42:12 2024
Elapsed time: 789.806s
<<<<<<<<<< Evaluating timelapse with probability: 5 and 82 threads >>>>>>>>>>
Finished at Mon Sep 16 21:55:09 2024
Elapsed time: 776.845s
<<<<<<<<<< Evaluating timelapse with probability: 5 and 83 threads >>>>>>>>>>
Finished at Mon Sep 16 22:08:01 2024
Elapsed time: 771.592s
<<<<<<<<<< Evaluating timelapse with probability: 5 and 84 threads >>>>>>>>>>
Finished at Mon Sep 16 22:20:38 2024
Elapsed time: 757.593s
<<<<<<<<<< Evaluating timelapse with probability: 5 and 85 threads >>>>>>>>>>
Finished at Mon Sep 16 22:32:58 2024
Elapsed time: 739.22s
<<<<<<<<<< Evaluating timelapse with probability: 5 and 86 threads >>>>>>>>>>
Finished at Mon Sep 16 22:45:20 2024
Elapsed time: 742.123s
<<<<<<<<<< Evaluating timelapse with probability: 5 and 87 threads >>>>>>>>>>
Finished at Mon Sep 16 22:57:38 2024
Elapsed time: 738.172s
<<<<<<<<<< Evaluating timelapse with probability: 5 and 88 threads >>>>>>>>>>
Finished at Mon Sep 16 23:09:43 2024
Elapsed time: 725.067s
<<<<<<<<<< Evaluating timelapse with probability: 5 and 89 threads >>>>>>>>>>
Finished at Mon Sep 16 23:21:36 2024
Elapsed time: 712.865s
<<<<<<<<<< Evaluating timelapse with probability: 5 and 90 threads >>>>>>>>>>
Finished at Mon Sep 16 23:33:18 2024
Elapsed time: 701.957s
<<<<<<<<<< Evaluating timelapse with probability: 5 and 91 threads >>>>>>>>>>
Finished at Mon Sep 16 23:44:55 2024
Elapsed time: 697.225s
<<<<<<<<<< Evaluating timelapse with probability: 5 and 92 threads >>>>>>>>>>
Finished at Mon Sep 16 23:56:26 2024
Elapsed time: 690.831s
<<<<<<<<<< Evaluating timelapse with probability: 5 and 93 threads >>>>>>>>>>
Finished at Tue Sep 17 00:07:54 2024
Elapsed time: 687.909s
<<<<<<<<<< Evaluating timelapse with probability: 5 and 94 threads >>>>>>>>>>
Finished at Tue Sep 17 00:19:12 2024
Elapsed time: 678.125s
<<<<<<<<<< Evaluating timelapse with probability: 5 and 95 threads >>>>>>>>>>
Finished at Tue Sep 17 00:30:28 2024
Elapsed time: 676.301s
<<<<<<<<<< Evaluating timelapse with probability: 5 and 96 threads >>>>>>>>>>
Finished at Tue Sep 17 00:41:38 2024
Elapsed time: 669.492s
<<<<<<<<<< Evaluating timelapse with probability: 5 and 97 threads >>>>>>>>>>
Finished at Tue Sep 17 00:52:36 2024
Elapsed time: 658.102s
<<<<<<<<<< Evaluating timelapse with probability: 5 and 98 threads >>>>>>>>>>
Finished at Tue Sep 17 01:03:36 2024
Elapsed time: 659.885s
<<<<<<<<<< Evaluating timelapse with probability: 5 and 99 threads >>>>>>>>>>
Finished at Tue Sep 17 01:14:29 2024
Elapsed time: 653.698s
<<<<<<<<<< Evaluating timelapse with probability: 5 and 100 threads >>>>>>>>>>
Finished at Tue Sep 17 01:25:20 2024
Elapsed time: 650.325s
