srun ./project1 start 3-5 5
Running with --cpus-per-task=5
==================Running Project====================
DEBUG: false
mode: start
percent: 5
minThreads: 3
maxThreads: 5
NROWS: 100000
NCOLS: 100000
==================Loading Matrices====================
Loading matrices with probability: 5
Matrices loaded!
==================Starting Experiments====================
<<<<<<<<<< Evaluating timelapse with probability: 5 and 3 threads >>>>>>>>>>
Finished at Sun Sep 15 14:55:40 2024
Elapsed time: 11487s
<<<<<<<<<< Evaluating timelapse with probability: 5 and 4 threads >>>>>>>>>>
Finished at Sun Sep 15 17:19:16 2024
Elapsed time: 8616.05s
<<<<<<<<<< Evaluating timelapse with probability: 5 and 5 threads >>>>>>>>>>
Finished at Sun Sep 15 19:14:24 2024
Elapsed time: 6907.46s
