srun ./project1 start 101-120 5
Running with --cpus-per-task=120
==================Running Project====================
DEBUG: false
mode: start
percent: 5
minThreads: 101
maxThreads: 120
NROWS: 100000
NCOLS: 100000
==================Loading Matrices====================
Loading matrices with probability: 5
Matrices loaded!
==================Starting Experiments====================
<<<<<<<<<< Evaluating timelapse with probability: 5 and 101 threads >>>>>>>>>>
Finished at Mon Sep 16 21:28:17 2024
Elapsed time: 735.217s
<<<<<<<<<< Evaluating timelapse with probability: 5 and 102 threads >>>>>>>>>>
Finished at Mon Sep 16 21:40:22 2024
Elapsed time: 724.126s
<<<<<<<<<< Evaluating timelapse with probability: 5 and 103 threads >>>>>>>>>>
Finished at Mon Sep 16 21:52:28 2024
Elapsed time: 726.662s
<<<<<<<<<< Evaluating timelapse with probability: 5 and 104 threads >>>>>>>>>>
Finished at Mon Sep 16 22:04:27 2024
Elapsed time: 719.201s
<<<<<<<<<< Evaluating timelapse with probability: 5 and 105 threads >>>>>>>>>>
Finished at Mon Sep 16 22:16:11 2024
Elapsed time: 703.642s
<<<<<<<<<< Evaluating timelapse with probability: 5 and 106 threads >>>>>>>>>>
Finished at Mon Sep 16 22:27:34 2024
Elapsed time: 682.968s
<<<<<<<<<< Evaluating timelapse with probability: 5 and 107 threads >>>>>>>>>>
Finished at Mon Sep 16 22:38:50 2024
Elapsed time: 675.867s
<<<<<<<<<< Evaluating timelapse with probability: 5 and 108 threads >>>>>>>>>>
Finished at Mon Sep 16 22:50:00 2024
Elapsed time: 670.13s
<<<<<<<<<< Evaluating timelapse with probability: 5 and 109 threads >>>>>>>>>>
Finished at Mon Sep 16 23:01:07 2024
Elapsed time: 666.819s
<<<<<<<<<< Evaluating timelapse with probability: 5 and 110 threads >>>>>>>>>>
Finished at Mon Sep 16 23:12:14 2024
Elapsed time: 667.396s
<<<<<<<<<< Evaluating timelapse with probability: 5 and 111 threads >>>>>>>>>>
Finished at Mon Sep 16 23:23:16 2024
Elapsed time: 661.896s
<<<<<<<<<< Evaluating timelapse with probability: 5 and 112 threads >>>>>>>>>>
Finished at Mon Sep 16 23:34:15 2024
Elapsed time: 658.996s
<<<<<<<<<< Evaluating timelapse with probability: 5 and 113 threads >>>>>>>>>>
Finished at Mon Sep 16 23:45:03 2024
Elapsed time: 648.336s
<<<<<<<<<< Evaluating timelapse with probability: 5 and 114 threads >>>>>>>>>>
Finished at Mon Sep 16 23:55:54 2024
Elapsed time: 650.8s
<<<<<<<<<< Evaluating timelapse with probability: 5 and 115 threads >>>>>>>>>>
Finished at Tue Sep 17 00:06:38 2024
Elapsed time: 643.474s
<<<<<<<<<< Evaluating timelapse with probability: 5 and 116 threads >>>>>>>>>>
Finished at Tue Sep 17 00:17:10 2024
Elapsed time: 632.536s
<<<<<<<<<< Evaluating timelapse with probability: 5 and 117 threads >>>>>>>>>>
Finished at Tue Sep 17 00:27:48 2024
Elapsed time: 637.711s
<<<<<<<<<< Evaluating timelapse with probability: 5 and 118 threads >>>>>>>>>>
Finished at Tue Sep 17 00:38:31 2024
Elapsed time: 643.307s
<<<<<<<<<< Evaluating timelapse with probability: 5 and 119 threads >>>>>>>>>>
Finished at Tue Sep 17 00:49:10 2024
Elapsed time: 638.379s
<<<<<<<<<< Evaluating timelapse with probability: 5 and 120 threads >>>>>>>>>>
Finished at Tue Sep 17 00:59:56 2024
Elapsed time: 646.755s
